Sencha Cmd 6.6.0.13 - Crash report
================================================
An error occurred while executing the following command: service start --port 0 --timeout -1

Diagnostic information:
=======================
Error while loading build environment: Cannot find file : C:\Projetos\rsistemp\workspace.json

java.lang.NullPointerException
     at com.sencha.command.Sencha.logCrashToFile(Sencha.java:630)
     at com.sencha.command.Sencha.main(Sencha.java:172)


Exception information:
=======================
Cannot find file : C:\Projetos\rsistemp\workspace.json
     at com.sencha.util.FileUtil.readFileData(FileUtil.java:175)
     at com.sencha.util.FileUtil.readFile(FileUtil.java:133)
     at com.sencha.util.FileUtil.readFile(FileUtil.java:150)
     at com.sencha.util.JsonUtil.loadJson(JsonUtil.java:181)
     at com.sencha.util.JsonUtil.loadJson(JsonUtil.java:177)
     at com.sencha.util.JsonUtil.loadJsonMap(JsonUtil.java:204)
     at com.sencha.command.environment.BuildEnvironment.getRawJsonConfig(BuildEnvironment.java:682)
     at com.sencha.command.environment.BuildEnvironment.loadJsonConfig(BuildEnvironment.java:640)
     at com.sencha.command.environment.BuildEnvironment.loadJsonConfig(BuildEnvironment.java:656)
     at com.sencha.command.environment.WorkspaceEnvironment.<init>(WorkspaceEnvironment.java:46)
     at com.sencha.command.environment.WorkspaceEnvironment.scan(WorkspaceEnvironment.java:33)
     at com.sencha.command.environment.AppOrPackageEnvironment.<init>(AppOrPackageEnvironment.java:55)
     at com.sencha.command.environment.AppEnvironment.<init>(AppEnvironment.java:42)
     at com.sencha.command.environment.BuildEnvironment.load(BuildEnvironment.java:110)
     at com.sencha.command.environment.BuildEnvironment.load(BuildEnvironment.java:134)
     at com.sencha.command.environment.BuildEnvironment.load(BuildEnvironment.java:80)
     at com.sencha.command.Sencha.loadBuildEnvironment(Sencha.java:490)
     at com.sencha.command.Sencha.main(Sencha.java:134)
   Caused by: C:\Projetos\rsistemp\workspace.json (Acesso negado)
     at java.io.FileInputStream.open0(Native Method)
     at java.io.FileInputStream.open(Unknown Source)
     at java.io.FileInputStream.<init>(Unknown Source)
     at com.sencha.util.FileUtil.readFileData(FileUtil.java:164)
     at com.sencha.util.FileUtil.readFile(FileUtil.java:133)
     at com.sencha.util.FileUtil.readFile(FileUtil.java:150)
     at com.sencha.util.JsonUtil.loadJson(JsonUtil.java:181)
     at com.sencha.util.JsonUtil.loadJson(JsonUtil.java:177)
     at com.sencha.util.JsonUtil.loadJsonMap(JsonUtil.java:204)
     at com.sencha.command.environment.BuildEnvironment.getRawJsonConfig(BuildEnvironment.java:682)
     at com.sencha.command.environment.BuildEnvironment.loadJsonConfig(BuildEnvironment.java:640)
     at com.sencha.command.environment.BuildEnvironment.loadJsonConfig(BuildEnvironment.java:656)
     at com.sencha.command.environment.WorkspaceEnvironment.<init>(WorkspaceEnvironment.java:46)
     at com.sencha.command.environment.WorkspaceEnvironment.scan(WorkspaceEnvironment.java:33)
     at com.sencha.command.environment.AppOrPackageEnvironment.<init>(AppOrPackageEnvironment.java:55)
     at com.sencha.command.environment.AppEnvironment.<init>(AppEnvironment.java:42)
     at com.sencha.command.environment.BuildEnvironment.load(BuildEnvironment.java:110)
     at com.sencha.command.environment.BuildEnvironment.load(BuildEnvironment.java:134)
     at com.sencha.command.environment.BuildEnvironment.load(BuildEnvironment.java:80)
     at com.sencha.command.Sencha.loadBuildEnvironment(Sencha.java:490)
     at com.sencha.command.Sencha.main(Sencha.java:134)

